<?xml version="1.0" encoding="UTF-8"?>
<!-- Generated by org.testng.reporters.JUnitXMLReporter -->
<testsuite ignored="0" hostname="LM0002795" failures="0" tests="4" name="Test" time="20.344" errors="0" timestamp="2025-02-19T17:46:02 IST">
  <testcase classname="StreamsSortingDemo" name="streamSortingDemo" time="10.735"/>
  <testcase classname="Selenium411" name="selenium411_Advanteges" time="9.569"/>
  <testcase classname="JavaStreams" name="stream" time="0.001"/>
  <testcase classname="JavaStreams" name="streamCollect" time="0.002"/>
</testsuite> <!-- Test -->
