<?xml version="1.0" encoding="UTF-8"?>
<testng-results ignored="0" total="1" passed="1" failed="0" skipped="0">
  <reporter-output>
  </reporter-output>
  <suite started-at="2025-05-02T16:32:36 IST" name="Default suite" finished-at="2025-05-02T16:32:54 IST" duration-ms="17662">
    <groups>
    </groups>
    <test started-at="2025-05-02T16:32:36 IST" name="Default test" finished-at="2025-05-02T16:32:54 IST" duration-ms="17662">
      <class name="StreamsSortingDemo">
        <test-method signature="streamSortingDemo()[pri:0, instance:StreamsSortingDemo@13e344d]" started-at="2025-05-02T16:32:36 IST" name="streamSortingDemo" finished-at="2025-05-02T16:32:54 IST" duration-ms="17633" status="PASS">
          <reporter-output>
          </reporter-output>
        </test-method> <!-- streamSortingDemo -->
      </class> <!-- StreamsSortingDemo -->
    </test> <!-- Default test -->
  </suite> <!-- Default suite -->
</testng-results>
